<?xml version="1.0" encoding="UTF-8"?>
<testExecutions version="1">
  <file path="C:\Users\firao\Desktop\selected-topics\user-service\src\app.controller.spec.ts">
    <testCase name="AppController root should return &quot;Hello World!&quot;" duration="9"/>
  </file>
</testExecutions>